2025-08-09 14:54:06,312 - INFO - Scanning for 8-K files in: c:\Users\shrey\Desktop\ScalerField-Quant\proto-3\companies
2025-08-09 14:54:06,313 - INFO - Processing company: Apple_Inc
2025-08-09 14:54:06,315 - INFO - Processing company: JOHNSON_&_JOHNSON
2025-08-09 14:54:06,318 - INFO - Processing company: JPMORGAN_CHASE_&_CO
2025-08-09 14:54:06,322 - INFO - Processing company: Meta_Platforms_Inc
2025-08-09 14:54:06,324 - INFO - Processing company: MICROSOFT_CORP
2025-08-09 14:54:06,326 - INFO - Processing company: NVIDIA_CORP
2025-08-09 14:54:06,329 - INFO - Processing company: UNITEDHEALTH_GROUP_INC
2025-08-09 14:54:06,329 - INFO - Found 397 8-K files to process
2025-08-09 14:54:06,330 - INFO - Filtered to company: Apple_Inc (42 files)
2025-08-09 14:54:06,330 - INFO - Filtered to year: 2021 (9 files)
2025-08-09 14:54:06,330 - INFO - Starting processing of 9 files with 1 workers
2025-08-09 14:54:06,331 - INFO - Processing: Apple_Inc/2021/output_0000320193_21_000009.txt
2025-08-09 14:54:25,947 - INFO - Progress: 1/9 (11.1%) - Success: 1, Failed: 0
2025-08-09 14:54:25,947 - INFO - Processing: Apple_Inc/2021/output_0000320193_21_000055.txt
2025-08-09 14:54:40,951 - INFO - Progress: 2/9 (22.2%) - Success: 2, Failed: 0
2025-08-09 14:54:40,951 - INFO - Processing: Apple_Inc/2021/output_0000320193_21_000063.txt
2025-08-09 14:54:57,664 - INFO - Progress: 3/9 (33.3%) - Success: 3, Failed: 0
2025-08-09 14:54:57,664 - INFO - Processing: Apple_Inc/2021/output_0000320193_21_000104.txt
2025-08-09 14:55:19,191 - INFO - Progress: 4/9 (44.4%) - Success: 4, Failed: 0
2025-08-09 14:55:19,191 - INFO - Processing: Apple_Inc/2021/output_0001193125_21_001982.txt
2025-08-09 14:55:34,610 - INFO - Progress: 5/9 (55.6%) - Success: 5, Failed: 0
2025-08-09 14:55:34,610 - INFO - Processing: Apple_Inc/2021/output_0001193125_21_032394.txt
2025-08-09 14:56:08,065 - INFO - Processing: Apple_Inc/2021/output_0001193125_21_054710.txt
